[0mCompiling "main.js" from ["src"]...
notifying browser that file changed:  out/goog/deps.js
notifying browser that file changed:  out/cljs_deps.js
notifying browser that file changed:  out/hello_seymore/core.js
[32mSuccessfully compiled "main.js" in 1.215 seconds.[0m
[0mCompiling "main.js" from ["src"]...
WARNING: Use of undeclared Var hello-seymore.core/sound-src at line 6 src/recipe-gps/core.cljs
WARNING: Use of undeclared Var hello-seymore.core/sound-src at line 7 src/recipe-gps/core.cljs
notifying browser that file changed:  out/hello_seymore/core.js
[32mSuccessfully compiled "main.js" in 0.468 seconds.[0m
[0mCompiling "main.js" from ["src"]...
WARNING: Use of undeclared Var hello-seymore.core/sound-src at line 7 src/recipe-gps/core.cljs
notifying browser that file changed:  out/hello_seymore/core.js
[32mSuccessfully compiled "main.js" in 0.33 seconds.[0m
[0mCompiling "main.js" from ["src"]...
notifying browser that file changed:  out/hello_seymore/core.js
[32mSuccessfully compiled "main.js" in 0.221 seconds.[0m
[0mCompiling "main.js" from ["src"]...
[31mCompiling "main.js" failed.
[0mERROR: Duplicate key: :onClick on file /Users/maxflander/src/recipe-gps/src/recipe-gps/core.cljs, line 17, column 45
[32mSuccessfully compiled "main.js" in 0.249 seconds.[0m
[0mCompiling "main.js" from ["src"]...
notifying browser that file changed:  out/hello_seymore/core.js
[32mSuccessfully compiled "main.js" in 0.228 seconds.[0m
